<?xml version="1.0" encoding="UTF-8"?>
<testsuite xmlns:xsi="http://www.w3.org/2001/XMLSchema-instance" xsi:noNamespaceSchemaLocation="https://maven.apache.org/surefire/maven-surefire-plugin/xsd/surefire-test-report.xsd" name="ru.hh.school.ApplicationServerAwareBeanTest" time="0.245" tests="1" errors="0" skipped="0" failures="0">
  <properties>
    <property name="sun.desktop" value="windows"/>
    <property name="awt.toolkit" value="sun.awt.windows.WToolkit"/>
    <property name="java.specification.version" value="11"/>
    <property name="sun.cpu.isalist" value="amd64"/>
    <property name="sun.jnu.encoding" value="Cp1251"/>
    <property name="java.class.path" value="C:\TimVolgin\hh_course\homework\hw_lect26-29_Backend\try4\BackendTodoMVC\target\test-classes;C:\TimVolgin\hh_course\homework\hw_lect26-29_Backend\try4\BackendTodoMVC\target\classes;C:\Users\Dell\.m2\repository\ru\hh\nab\nab-starter\4.14.2-SNAPSHOT\nab-starter-4.14.2-SNAPSHOT.jar;C:\Users\Dell\.m2\repository\ru\hh\nab\nab-common\4.14.2-SNAPSHOT\nab-common-4.14.2-SNAPSHOT.jar;C:\Users\Dell\.m2\repository\com\google\code\findbugs\jsr305\3.0.2\jsr305-3.0.2.jar;C:\Users\Dell\.m2\repository\javax\inject\javax.inject\1\javax.inject-1.jar;C:\Users\Dell\.m2\repository\javax\servlet\javax.servlet-api\3.1.0\javax.servlet-api-3.1.0.jar;C:\Users\Dell\.m2\repository\org\glassfish\jersey\ext\jersey-spring4\2.27\jersey-spring4-2.27.jar;C:\Users\Dell\.m2\repository\org\glassfish\jersey\core\jersey-server\2.27\jersey-server-2.27.jar;C:\Users\Dell\.m2\repository\org\glassfish\jersey\core\jersey-client\2.27\jersey-client-2.27.jar;C:\Users\Dell\.m2\repository\javax\annotation\javax.annotation-api\1.2\javax.annotation-api-1.2.jar;C:\Users\Dell\.m2\repository\javax\validation\validation-api\1.1.0.Final\validation-api-1.1.0.Final.jar;C:\Users\Dell\.m2\repository\org\glassfish\jersey\inject\jersey-hk2\2.27\jersey-hk2-2.27.jar;C:\Users\Dell\.m2\repository\org\glassfish\hk2\hk2-locator\2.5.0-b42\hk2-locator-2.5.0-b42.jar;C:\Users\Dell\.m2\repository\org\glassfish\hk2\external\aopalliance-repackaged\2.5.0-b42\aopalliance-repackaged-2.5.0-b42.jar;C:\Users\Dell\.m2\repository\org\glassfish\hk2\hk2\2.5.0-b42\hk2-2.5.0-b42.jar;C:\Users\Dell\.m2\repository\org\glassfish\hk2\hk2-utils\2.5.0-b42\hk2-utils-2.5.0-b42.jar;C:\Users\Dell\.m2\repository\org\glassfish\hk2\hk2-api\2.5.0-b42\hk2-api-2.5.0-b42.jar;C:\Users\Dell\.m2\repository\org\glassfish\hk2\config-types\2.5.0-b42\config-types-2.5.0-b42.jar;C:\Users\Dell\.m2\repository\org\glassfish\hk2\hk2-core\2.5.0-b42\hk2-core-2.5.0-b42.jar;C:\Users\Dell\.m2\repository\org\glassfish\hk2\hk2-config\2.5.0-b42\hk2-config-2.5.0-b42.jar;C:\Users\Dell\.m2\repository\org\jvnet\tiger-types\1.4\tiger-types-1.4.jar;C:\Users\Dell\.m2\repository\org\hibernate\hibernate-validator\5.2.4.Final\hibernate-validator-5.2.4.Final.jar;C:\Users\Dell\.m2\repository\org\glassfish\hk2\hk2-runlevel\2.5.0-b42\hk2-runlevel-2.5.0-b42.jar;C:\Users\Dell\.m2\repository\org\glassfish\hk2\class-model\2.5.0-b42\class-model-2.5.0-b42.jar;C:\Users\Dell\.m2\repository\org\glassfish\hk2\external\asm-all-repackaged\2.5.0-b42\asm-all-repackaged-2.5.0-b42.jar;C:\Users\Dell\.m2\repository\org\glassfish\hk2\spring-bridge\2.5.0-b42\spring-bridge-2.5.0-b42.jar;C:\Users\Dell\.m2\repository\javax\ws\rs\javax.ws.rs-api\2.1\javax.ws.rs-api-2.1.jar;C:\Users\Dell\.m2\repository\org\glassfish\jersey\containers\jersey-container-servlet-core\2.27\jersey-container-servlet-core-2.27.jar;C:\Users\Dell\.m2\repository\org\glassfish\hk2\external\javax.inject\2.5.0-b42\javax.inject-2.5.0-b42.jar;C:\Users\Dell\.m2\repository\org\glassfish\jersey\core\jersey-common\2.27\jersey-common-2.27.jar;C:\Users\Dell\.m2\repository\org\glassfish\jersey\media\jersey-media-jaxb\2.27\jersey-media-jaxb-2.27.jar;C:\Users\Dell\.m2\repository\org\glassfish\hk2\osgi-resource-locator\1.0.1\osgi-resource-locator-1.0.1.jar;C:\Users\Dell\.m2\repository\org\glassfish\jersey\media\jersey-media-json-jackson\2.27\jersey-media-json-jackson-2.27.jar;C:\Users\Dell\.m2\repository\org\glassfish\jersey\ext\jersey-entity-filtering\2.27\jersey-entity-filtering-2.27.jar;C:\Users\Dell\.m2\repository\org\springframework\spring-core\5.1.4.RELEASE\spring-core-5.1.4.RELEASE.jar;C:\Users\Dell\.m2\repository\org\springframework\spring-jcl\5.1.4.RELEASE\spring-jcl-5.1.4.RELEASE.jar;C:\Users\Dell\.m2\repository\org\springframework\spring-beans\5.1.4.RELEASE\spring-beans-5.1.4.RELEASE.jar;C:\Users\Dell\.m2\repository\org\springframework\spring-context\5.1.4.RELEASE\spring-context-5.1.4.RELEASE.jar;C:\Users\Dell\.m2\repository\org\springframework\spring-expression\5.1.4.RELEASE\spring-expression-5.1.4.RELEASE.jar;C:\Users\Dell\.m2\repository\org\springframework\spring-web\5.1.4.RELEASE\spring-web-5.1.4.RELEASE.jar;C:\Users\Dell\.m2\repository\org\springframework\spring-jdbc\5.1.4.RELEASE\spring-jdbc-5.1.4.RELEASE.jar;C:\Users\Dell\.m2\repository\org\springframework\spring-tx\5.1.4.RELEASE\spring-tx-5.1.4.RELEASE.jar;C:\Users\Dell\.m2\repository\org\springframework\spring-aop\5.1.4.RELEASE\spring-aop-5.1.4.RELEASE.jar;C:\Users\Dell\.m2\repository\org\eclipse\jetty\jetty-servlet\9.4.14.v20181114\jetty-servlet-9.4.14.v20181114.jar;C:\Users\Dell\.m2\repository\org\eclipse\jetty\jetty-security\9.4.14.v20181114\jetty-security-9.4.14.v20181114.jar;C:\Users\Dell\.m2\repository\org\eclipse\jetty\jetty-server\9.4.14.v20181114\jetty-server-9.4.14.v20181114.jar;C:\Users\Dell\.m2\repository\org\eclipse\jetty\jetty-http\9.4.14.v20181114\jetty-http-9.4.14.v20181114.jar;C:\Users\Dell\.m2\repository\org\eclipse\jetty\jetty-io\9.4.14.v20181114\jetty-io-9.4.14.v20181114.jar;C:\Users\Dell\.m2\repository\org\eclipse\jetty\jetty-webapp\9.4.14.v20181114\jetty-webapp-9.4.14.v20181114.jar;C:\Users\Dell\.m2\repository\org\eclipse\jetty\jetty-xml\9.4.14.v20181114\jetty-xml-9.4.14.v20181114.jar;C:\Users\Dell\.m2\repository\org\eclipse\jetty\jetty-jmx\9.4.14.v20181114\jetty-jmx-9.4.14.v20181114.jar;C:\Users\Dell\.m2\repository\org\eclipse\jetty\jetty-util\9.4.14.v20181114\jetty-util-9.4.14.v20181114.jar;C:\Users\Dell\.m2\repository\com\fasterxml\jackson\core\jackson-annotations\2.9.8\jackson-annotations-2.9.8.jar;C:\Users\Dell\.m2\repository\com\fasterxml\jackson\core\jackson-core\2.9.8\jackson-core-2.9.8.jar;C:\Users\Dell\.m2\repository\com\fasterxml\jackson\core\jackson-databind\2.9.8\jackson-databind-2.9.8.jar;C:\Users\Dell\.m2\repository\com\fasterxml\jackson\jaxrs\jackson-jaxrs-json-provider\2.9.8\jackson-jaxrs-json-provider-2.9.8.jar;C:\Users\Dell\.m2\repository\com\fasterxml\jackson\jaxrs\jackson-jaxrs-base\2.9.8\jackson-jaxrs-base-2.9.8.jar;C:\Users\Dell\.m2\repository\com\fasterxml\jackson\module\jackson-module-jaxb-annotations\2.9.8\jackson-module-jaxb-annotations-2.9.8.jar;C:\Users\Dell\.m2\repository\javax\xml\bind\jaxb-api\2.3.1\jaxb-api-2.3.1.jar;C:\Users\Dell\.m2\repository\javax\activation\javax.activation-api\1.2.0\javax.activation-api-1.2.0.jar;C:\Users\Dell\.m2\repository\org\glassfish\jaxb\jaxb-runtime\2.3.2\jaxb-runtime-2.3.2.jar;C:\Users\Dell\.m2\repository\jakarta\xml\bind\jakarta.xml.bind-api\2.3.2\jakarta.xml.bind-api-2.3.2.jar;C:\Users\Dell\.m2\repository\org\glassfish\jaxb\txw2\2.3.2\txw2-2.3.2.jar;C:\Users\Dell\.m2\repository\com\sun\istack\istack-commons-runtime\3.0.8\istack-commons-runtime-3.0.8.jar;C:\Users\Dell\.m2\repository\org\jvnet\staxex\stax-ex\1.8.1\stax-ex-1.8.1.jar;C:\Users\Dell\.m2\repository\com\sun\xml\fastinfoset\FastInfoset\1.2.16\FastInfoset-1.2.16.jar;C:\Users\Dell\.m2\repository\jakarta\activation\jakarta.activation-api\1.2.1\jakarta.activation-api-1.2.1.jar;C:\Users\Dell\.m2\repository\ru\hh\metrics\hh-metrics\0.19\hh-metrics-0.19.jar;C:\Users\Dell\.m2\repository\com\datadoghq\java-dogstatsd-client\2.2\java-dogstatsd-client-2.2.jar;C:\Users\Dell\.m2\repository\mx4j\mx4j\3.0.2\mx4j-3.0.2.jar;C:\Users\Dell\.m2\repository\mx4j\mx4j-tools\3.0.1\mx4j-tools-3.0.1.jar;C:\Users\Dell\.m2\repository\ch\qos\logback\contrib\logback-json-classic\0.1.5\logback-json-classic-0.1.5.jar;C:\Users\Dell\.m2\repository\ch\qos\logback\contrib\logback-json-core\0.1.5\logback-json-core-0.1.5.jar;C:\Users\Dell\.m2\repository\ch\qos\logback\contrib\logback-jackson\0.1.5\logback-jackson-0.1.5.jar;C:\Users\Dell\.m2\repository\io\sentry\sentry-logback\1.7.16\sentry-logback-1.7.16.jar;C:\Users\Dell\.m2\repository\io\sentry\sentry\1.7.16\sentry-1.7.16.jar;C:\Users\Dell\.m2\repository\ch\qos\logback\logback-core\1.2.3\logback-core-1.2.3.jar;C:\Users\Dell\.m2\repository\org\caffinitas\ohc\ohc-core-j8\0.6.1\ohc-core-j8-0.6.1.jar;C:\Users\Dell\.m2\repository\org\caffinitas\ohc\ohc-core\0.6.1\ohc-core-0.6.1.jar;C:\Users\Dell\.m2\repository\com\google\guava\guava\18.0\guava-18.0.jar;C:\Users\Dell\.m2\repository\net\java\dev\jna\jna\4.1.0\jna-4.1.0.jar;C:\Users\Dell\.m2\repository\ru\hh\nab\nab-testbase\4.14.2-SNAPSHOT\nab-testbase-4.14.2-SNAPSHOT.jar;C:\Users\Dell\.m2\repository\ru\hh\nab\nab-hibernate\4.14.2-SNAPSHOT\nab-hibernate-4.14.2-SNAPSHOT.jar;C:\Users\Dell\.m2\repository\ru\hh\nab\nab-data-source\4.14.2-SNAPSHOT\nab-data-source-4.14.2-SNAPSHOT.jar;C:\Users\Dell\.m2\repository\org\postgresql\postgresql\42.2.5\postgresql-42.2.5.jar;C:\Users\Dell\.m2\repository\com\zaxxer\HikariCP\3.3.0\HikariCP-3.3.0.jar;C:\Users\Dell\.m2\repository\org\hibernate\hibernate-core\5.2.10.Final\hibernate-core-5.2.10.Final.jar;C:\Users\Dell\.m2\repository\org\jboss\logging\jboss-logging\3.3.0.Final\jboss-logging-3.3.0.Final.jar;C:\Users\Dell\.m2\repository\org\hibernate\javax\persistence\hibernate-jpa-2.1-api\1.0.0.Final\hibernate-jpa-2.1-api-1.0.0.Final.jar;C:\Users\Dell\.m2\repository\org\javassist\javassist\3.20.0-GA\javassist-3.20.0-GA.jar;C:\Users\Dell\.m2\repository\antlr\antlr\2.7.7\antlr-2.7.7.jar;C:\Users\Dell\.m2\repository\org\jboss\spec\javax\transaction\jboss-transaction-api_1.2_spec\1.0.1.Final\jboss-transaction-api_1.2_spec-1.0.1.Final.jar;C:\Users\Dell\.m2\repository\org\jboss\jandex\2.0.3.Final\jandex-2.0.3.Final.jar;C:\Users\Dell\.m2\repository\com\fasterxml\classmate\1.3.0\classmate-1.3.0.jar;C:\Users\Dell\.m2\repository\dom4j\dom4j\1.6.1\dom4j-1.6.1.jar;C:\Users\Dell\.m2\repository\org\hibernate\common\hibernate-commons-annotations\5.0.1.Final\hibernate-commons-annotations-5.0.1.Final.jar;C:\Users\Dell\.m2\repository\javax\el\javax.el-api\3.0.1-b06\javax.el-api-3.0.1-b06.jar;C:\Users\Dell\.m2\repository\org\springframework\spring-orm\5.1.4.RELEASE\spring-orm-5.1.4.RELEASE.jar;C:\Users\Dell\.m2\repository\org\aspectj\aspectjrt\1.9.2\aspectjrt-1.9.2.jar;C:\Users\Dell\.m2\repository\org\aspectj\aspectjweaver\1.9.2\aspectjweaver-1.9.2.jar;C:\Users\Dell\.m2\repository\com\opentable\components\otj-pg-embedded\0.13.0\otj-pg-embedded-0.13.0.jar;C:\Users\Dell\.m2\repository\org\apache\commons\commons-compress\1.18\commons-compress-1.18.jar;C:\Users\Dell\.m2\repository\org\tukaani\xz\1.5\xz-1.5.jar;C:\Users\Dell\.m2\repository\commons-io\commons-io\2.6\commons-io-2.6.jar;C:\Users\Dell\.m2\repository\commons-codec\commons-codec\1.11\commons-codec-1.11.jar;C:\Users\Dell\.m2\repository\com\github\spotbugs\spotbugs-annotations\3.1.7\spotbugs-annotations-3.1.7.jar;C:\Users\Dell\.m2\repository\junit\junit\4.12\junit-4.12.jar;C:\Users\Dell\.m2\repository\org\hamcrest\hamcrest-core\1.3\hamcrest-core-1.3.jar;C:\Users\Dell\.m2\repository\org\mockito\mockito-core\2.23.4\mockito-core-2.23.4.jar;C:\Users\Dell\.m2\repository\net\bytebuddy\byte-buddy\1.9.3\byte-buddy-1.9.3.jar;C:\Users\Dell\.m2\repository\net\bytebuddy\byte-buddy-agent\1.9.3\byte-buddy-agent-1.9.3.jar;C:\Users\Dell\.m2\repository\org\objenesis\objenesis\2.6\objenesis-2.6.jar;C:\Users\Dell\.m2\repository\org\springframework\spring-test\5.1.4.RELEASE\spring-test-5.1.4.RELEASE.jar;C:\Users\Dell\.m2\repository\org\glassfish\jersey\test-framework\jersey-test-framework-core\2.27\jersey-test-framework-core-2.27.jar;C:\Users\Dell\.m2\repository\org\apache\commons\commons-text\1.6\commons-text-1.6.jar;C:\Users\Dell\.m2\repository\ru\hh\nab\nab-logging\4.14.2-SNAPSHOT\nab-logging-4.14.2-SNAPSHOT.jar;C:\Users\Dell\.m2\repository\ch\qos\logback\logback-classic\1.2.3\logback-classic-1.2.3.jar;C:\Users\Dell\.m2\repository\org\apache\commons\commons-lang3\3.8.1\commons-lang3-3.8.1.jar;C:\Users\Dell\.m2\repository\org\slf4j\slf4j-api\1.7.25\slf4j-api-1.7.25.jar;C:\Users\Dell\.m2\repository\org\slf4j\jcl-over-slf4j\1.7.25\jcl-over-slf4j-1.7.25.jar;C:\Users\Dell\.m2\repository\org\slf4j\jul-to-slf4j\1.7.25\jul-to-slf4j-1.7.25.jar;C:\Users\Dell\.m2\repository\org\slf4j\log4j-over-slf4j\1.7.25\log4j-over-slf4j-1.7.25.jar;C:\Users\Dell\.m2\repository\com\papertrailapp\logback-syslog4j\1.0.0\logback-syslog4j-1.0.0.jar;C:\Users\Dell\.m2\repository\org\syslog4j\syslog4j\0.9.30\syslog4j-0.9.30.jar;"/>
    <property name="java.vm.vendor" value="Oracle Corporation"/>
    <property name="sun.arch.data.model" value="64"/>
    <property name="user.variant" value=""/>
    <property name="java.vendor.url" value="http://java.oracle.com/"/>
    <property name="user.timezone" value="Europe/Moscow"/>
    <property name="java.vm.specification.version" value="11"/>
    <property name="os.name" value="Windows 10"/>
    <property name="sun.java.launcher" value="SUN_STANDARD"/>
    <property name="user.country" value="RU"/>
    <property name="sun.boot.library.path" value="C:\Program Files\Java\jdk-11.0.2\bin"/>
    <property name="sun.java.command" value="C:\Users\Dell\AppData\Local\Temp\surefire9877306361964147981\surefirebooter6219501765739225595.jar C:\Users\Dell\AppData\Local\Temp\surefire9877306361964147981 2019-02-28T22-50-13_946-jvmRun1 surefire17835378286799549463tmp surefire_08628056162749289240tmp"/>
    <property name="jdk.debug" value="release"/>
    <property name="surefire.test.class.path" value="C:\TimVolgin\hh_course\homework\hw_lect26-29_Backend\try4\BackendTodoMVC\target\test-classes;C:\TimVolgin\hh_course\homework\hw_lect26-29_Backend\try4\BackendTodoMVC\target\classes;C:\Users\Dell\.m2\repository\ru\hh\nab\nab-starter\4.14.2-SNAPSHOT\nab-starter-4.14.2-SNAPSHOT.jar;C:\Users\Dell\.m2\repository\ru\hh\nab\nab-common\4.14.2-SNAPSHOT\nab-common-4.14.2-SNAPSHOT.jar;C:\Users\Dell\.m2\repository\com\google\code\findbugs\jsr305\3.0.2\jsr305-3.0.2.jar;C:\Users\Dell\.m2\repository\javax\inject\javax.inject\1\javax.inject-1.jar;C:\Users\Dell\.m2\repository\javax\servlet\javax.servlet-api\3.1.0\javax.servlet-api-3.1.0.jar;C:\Users\Dell\.m2\repository\org\glassfish\jersey\ext\jersey-spring4\2.27\jersey-spring4-2.27.jar;C:\Users\Dell\.m2\repository\org\glassfish\jersey\core\jersey-server\2.27\jersey-server-2.27.jar;C:\Users\Dell\.m2\repository\org\glassfish\jersey\core\jersey-client\2.27\jersey-client-2.27.jar;C:\Users\Dell\.m2\repository\javax\annotation\javax.annotation-api\1.2\javax.annotation-api-1.2.jar;C:\Users\Dell\.m2\repository\javax\validation\validation-api\1.1.0.Final\validation-api-1.1.0.Final.jar;C:\Users\Dell\.m2\repository\org\glassfish\jersey\inject\jersey-hk2\2.27\jersey-hk2-2.27.jar;C:\Users\Dell\.m2\repository\org\glassfish\hk2\hk2-locator\2.5.0-b42\hk2-locator-2.5.0-b42.jar;C:\Users\Dell\.m2\repository\org\glassfish\hk2\external\aopalliance-repackaged\2.5.0-b42\aopalliance-repackaged-2.5.0-b42.jar;C:\Users\Dell\.m2\repository\org\glassfish\hk2\hk2\2.5.0-b42\hk2-2.5.0-b42.jar;C:\Users\Dell\.m2\repository\org\glassfish\hk2\hk2-utils\2.5.0-b42\hk2-utils-2.5.0-b42.jar;C:\Users\Dell\.m2\repository\org\glassfish\hk2\hk2-api\2.5.0-b42\hk2-api-2.5.0-b42.jar;C:\Users\Dell\.m2\repository\org\glassfish\hk2\config-types\2.5.0-b42\config-types-2.5.0-b42.jar;C:\Users\Dell\.m2\repository\org\glassfish\hk2\hk2-core\2.5.0-b42\hk2-core-2.5.0-b42.jar;C:\Users\Dell\.m2\repository\org\glassfish\hk2\hk2-config\2.5.0-b42\hk2-config-2.5.0-b42.jar;C:\Users\Dell\.m2\repository\org\jvnet\tiger-types\1.4\tiger-types-1.4.jar;C:\Users\Dell\.m2\repository\org\hibernate\hibernate-validator\5.2.4.Final\hibernate-validator-5.2.4.Final.jar;C:\Users\Dell\.m2\repository\org\glassfish\hk2\hk2-runlevel\2.5.0-b42\hk2-runlevel-2.5.0-b42.jar;C:\Users\Dell\.m2\repository\org\glassfish\hk2\class-model\2.5.0-b42\class-model-2.5.0-b42.jar;C:\Users\Dell\.m2\repository\org\glassfish\hk2\external\asm-all-repackaged\2.5.0-b42\asm-all-repackaged-2.5.0-b42.jar;C:\Users\Dell\.m2\repository\org\glassfish\hk2\spring-bridge\2.5.0-b42\spring-bridge-2.5.0-b42.jar;C:\Users\Dell\.m2\repository\javax\ws\rs\javax.ws.rs-api\2.1\javax.ws.rs-api-2.1.jar;C:\Users\Dell\.m2\repository\org\glassfish\jersey\containers\jersey-container-servlet-core\2.27\jersey-container-servlet-core-2.27.jar;C:\Users\Dell\.m2\repository\org\glassfish\hk2\external\javax.inject\2.5.0-b42\javax.inject-2.5.0-b42.jar;C:\Users\Dell\.m2\repository\org\glassfish\jersey\core\jersey-common\2.27\jersey-common-2.27.jar;C:\Users\Dell\.m2\repository\org\glassfish\jersey\media\jersey-media-jaxb\2.27\jersey-media-jaxb-2.27.jar;C:\Users\Dell\.m2\repository\org\glassfish\hk2\osgi-resource-locator\1.0.1\osgi-resource-locator-1.0.1.jar;C:\Users\Dell\.m2\repository\org\glassfish\jersey\media\jersey-media-json-jackson\2.27\jersey-media-json-jackson-2.27.jar;C:\Users\Dell\.m2\repository\org\glassfish\jersey\ext\jersey-entity-filtering\2.27\jersey-entity-filtering-2.27.jar;C:\Users\Dell\.m2\repository\org\springframework\spring-core\5.1.4.RELEASE\spring-core-5.1.4.RELEASE.jar;C:\Users\Dell\.m2\repository\org\springframework\spring-jcl\5.1.4.RELEASE\spring-jcl-5.1.4.RELEASE.jar;C:\Users\Dell\.m2\repository\org\springframework\spring-beans\5.1.4.RELEASE\spring-beans-5.1.4.RELEASE.jar;C:\Users\Dell\.m2\repository\org\springframework\spring-context\5.1.4.RELEASE\spring-context-5.1.4.RELEASE.jar;C:\Users\Dell\.m2\repository\org\springframework\spring-expression\5.1.4.RELEASE\spring-expression-5.1.4.RELEASE.jar;C:\Users\Dell\.m2\repository\org\springframework\spring-web\5.1.4.RELEASE\spring-web-5.1.4.RELEASE.jar;C:\Users\Dell\.m2\repository\org\springframework\spring-jdbc\5.1.4.RELEASE\spring-jdbc-5.1.4.RELEASE.jar;C:\Users\Dell\.m2\repository\org\springframework\spring-tx\5.1.4.RELEASE\spring-tx-5.1.4.RELEASE.jar;C:\Users\Dell\.m2\repository\org\springframework\spring-aop\5.1.4.RELEASE\spring-aop-5.1.4.RELEASE.jar;C:\Users\Dell\.m2\repository\org\eclipse\jetty\jetty-servlet\9.4.14.v20181114\jetty-servlet-9.4.14.v20181114.jar;C:\Users\Dell\.m2\repository\org\eclipse\jetty\jetty-security\9.4.14.v20181114\jetty-security-9.4.14.v20181114.jar;C:\Users\Dell\.m2\repository\org\eclipse\jetty\jetty-server\9.4.14.v20181114\jetty-server-9.4.14.v20181114.jar;C:\Users\Dell\.m2\repository\org\eclipse\jetty\jetty-http\9.4.14.v20181114\jetty-http-9.4.14.v20181114.jar;C:\Users\Dell\.m2\repository\org\eclipse\jetty\jetty-io\9.4.14.v20181114\jetty-io-9.4.14.v20181114.jar;C:\Users\Dell\.m2\repository\org\eclipse\jetty\jetty-webapp\9.4.14.v20181114\jetty-webapp-9.4.14.v20181114.jar;C:\Users\Dell\.m2\repository\org\eclipse\jetty\jetty-xml\9.4.14.v20181114\jetty-xml-9.4.14.v20181114.jar;C:\Users\Dell\.m2\repository\org\eclipse\jetty\jetty-jmx\9.4.14.v20181114\jetty-jmx-9.4.14.v20181114.jar;C:\Users\Dell\.m2\repository\org\eclipse\jetty\jetty-util\9.4.14.v20181114\jetty-util-9.4.14.v20181114.jar;C:\Users\Dell\.m2\repository\com\fasterxml\jackson\core\jackson-annotations\2.9.8\jackson-annotations-2.9.8.jar;C:\Users\Dell\.m2\repository\com\fasterxml\jackson\core\jackson-core\2.9.8\jackson-core-2.9.8.jar;C:\Users\Dell\.m2\repository\com\fasterxml\jackson\core\jackson-databind\2.9.8\jackson-databind-2.9.8.jar;C:\Users\Dell\.m2\repository\com\fasterxml\jackson\jaxrs\jackson-jaxrs-json-provider\2.9.8\jackson-jaxrs-json-provider-2.9.8.jar;C:\Users\Dell\.m2\repository\com\fasterxml\jackson\jaxrs\jackson-jaxrs-base\2.9.8\jackson-jaxrs-base-2.9.8.jar;C:\Users\Dell\.m2\repository\com\fasterxml\jackson\module\jackson-module-jaxb-annotations\2.9.8\jackson-module-jaxb-annotations-2.9.8.jar;C:\Users\Dell\.m2\repository\javax\xml\bind\jaxb-api\2.3.1\jaxb-api-2.3.1.jar;C:\Users\Dell\.m2\repository\javax\activation\javax.activation-api\1.2.0\javax.activation-api-1.2.0.jar;C:\Users\Dell\.m2\repository\org\glassfish\jaxb\jaxb-runtime\2.3.2\jaxb-runtime-2.3.2.jar;C:\Users\Dell\.m2\repository\jakarta\xml\bind\jakarta.xml.bind-api\2.3.2\jakarta.xml.bind-api-2.3.2.jar;C:\Users\Dell\.m2\repository\org\glassfish\jaxb\txw2\2.3.2\txw2-2.3.2.jar;C:\Users\Dell\.m2\repository\com\sun\istack\istack-commons-runtime\3.0.8\istack-commons-runtime-3.0.8.jar;C:\Users\Dell\.m2\repository\org\jvnet\staxex\stax-ex\1.8.1\stax-ex-1.8.1.jar;C:\Users\Dell\.m2\repository\com\sun\xml\fastinfoset\FastInfoset\1.2.16\FastInfoset-1.2.16.jar;C:\Users\Dell\.m2\repository\jakarta\activation\jakarta.activation-api\1.2.1\jakarta.activation-api-1.2.1.jar;C:\Users\Dell\.m2\repository\ru\hh\metrics\hh-metrics\0.19\hh-metrics-0.19.jar;C:\Users\Dell\.m2\repository\com\datadoghq\java-dogstatsd-client\2.2\java-dogstatsd-client-2.2.jar;C:\Users\Dell\.m2\repository\mx4j\mx4j\3.0.2\mx4j-3.0.2.jar;C:\Users\Dell\.m2\repository\mx4j\mx4j-tools\3.0.1\mx4j-tools-3.0.1.jar;C:\Users\Dell\.m2\repository\ch\qos\logback\contrib\logback-json-classic\0.1.5\logback-json-classic-0.1.5.jar;C:\Users\Dell\.m2\repository\ch\qos\logback\contrib\logback-json-core\0.1.5\logback-json-core-0.1.5.jar;C:\Users\Dell\.m2\repository\ch\qos\logback\contrib\logback-jackson\0.1.5\logback-jackson-0.1.5.jar;C:\Users\Dell\.m2\repository\io\sentry\sentry-logback\1.7.16\sentry-logback-1.7.16.jar;C:\Users\Dell\.m2\repository\io\sentry\sentry\1.7.16\sentry-1.7.16.jar;C:\Users\Dell\.m2\repository\ch\qos\logback\logback-core\1.2.3\logback-core-1.2.3.jar;C:\Users\Dell\.m2\repository\org\caffinitas\ohc\ohc-core-j8\0.6.1\ohc-core-j8-0.6.1.jar;C:\Users\Dell\.m2\repository\org\caffinitas\ohc\ohc-core\0.6.1\ohc-core-0.6.1.jar;C:\Users\Dell\.m2\repository\com\google\guava\guava\18.0\guava-18.0.jar;C:\Users\Dell\.m2\repository\net\java\dev\jna\jna\4.1.0\jna-4.1.0.jar;C:\Users\Dell\.m2\repository\ru\hh\nab\nab-testbase\4.14.2-SNAPSHOT\nab-testbase-4.14.2-SNAPSHOT.jar;C:\Users\Dell\.m2\repository\ru\hh\nab\nab-hibernate\4.14.2-SNAPSHOT\nab-hibernate-4.14.2-SNAPSHOT.jar;C:\Users\Dell\.m2\repository\ru\hh\nab\nab-data-source\4.14.2-SNAPSHOT\nab-data-source-4.14.2-SNAPSHOT.jar;C:\Users\Dell\.m2\repository\org\postgresql\postgresql\42.2.5\postgresql-42.2.5.jar;C:\Users\Dell\.m2\repository\com\zaxxer\HikariCP\3.3.0\HikariCP-3.3.0.jar;C:\Users\Dell\.m2\repository\org\hibernate\hibernate-core\5.2.10.Final\hibernate-core-5.2.10.Final.jar;C:\Users\Dell\.m2\repository\org\jboss\logging\jboss-logging\3.3.0.Final\jboss-logging-3.3.0.Final.jar;C:\Users\Dell\.m2\repository\org\hibernate\javax\persistence\hibernate-jpa-2.1-api\1.0.0.Final\hibernate-jpa-2.1-api-1.0.0.Final.jar;C:\Users\Dell\.m2\repository\org\javassist\javassist\3.20.0-GA\javassist-3.20.0-GA.jar;C:\Users\Dell\.m2\repository\antlr\antlr\2.7.7\antlr-2.7.7.jar;C:\Users\Dell\.m2\repository\org\jboss\spec\javax\transaction\jboss-transaction-api_1.2_spec\1.0.1.Final\jboss-transaction-api_1.2_spec-1.0.1.Final.jar;C:\Users\Dell\.m2\repository\org\jboss\jandex\2.0.3.Final\jandex-2.0.3.Final.jar;C:\Users\Dell\.m2\repository\com\fasterxml\classmate\1.3.0\classmate-1.3.0.jar;C:\Users\Dell\.m2\repository\dom4j\dom4j\1.6.1\dom4j-1.6.1.jar;C:\Users\Dell\.m2\repository\org\hibernate\common\hibernate-commons-annotations\5.0.1.Final\hibernate-commons-annotations-5.0.1.Final.jar;C:\Users\Dell\.m2\repository\javax\el\javax.el-api\3.0.1-b06\javax.el-api-3.0.1-b06.jar;C:\Users\Dell\.m2\repository\org\springframework\spring-orm\5.1.4.RELEASE\spring-orm-5.1.4.RELEASE.jar;C:\Users\Dell\.m2\repository\org\aspectj\aspectjrt\1.9.2\aspectjrt-1.9.2.jar;C:\Users\Dell\.m2\repository\org\aspectj\aspectjweaver\1.9.2\aspectjweaver-1.9.2.jar;C:\Users\Dell\.m2\repository\com\opentable\components\otj-pg-embedded\0.13.0\otj-pg-embedded-0.13.0.jar;C:\Users\Dell\.m2\repository\org\apache\commons\commons-compress\1.18\commons-compress-1.18.jar;C:\Users\Dell\.m2\repository\org\tukaani\xz\1.5\xz-1.5.jar;C:\Users\Dell\.m2\repository\commons-io\commons-io\2.6\commons-io-2.6.jar;C:\Users\Dell\.m2\repository\commons-codec\commons-codec\1.11\commons-codec-1.11.jar;C:\Users\Dell\.m2\repository\com\github\spotbugs\spotbugs-annotations\3.1.7\spotbugs-annotations-3.1.7.jar;C:\Users\Dell\.m2\repository\junit\junit\4.12\junit-4.12.jar;C:\Users\Dell\.m2\repository\org\hamcrest\hamcrest-core\1.3\hamcrest-core-1.3.jar;C:\Users\Dell\.m2\repository\org\mockito\mockito-core\2.23.4\mockito-core-2.23.4.jar;C:\Users\Dell\.m2\repository\net\bytebuddy\byte-buddy\1.9.3\byte-buddy-1.9.3.jar;C:\Users\Dell\.m2\repository\net\bytebuddy\byte-buddy-agent\1.9.3\byte-buddy-agent-1.9.3.jar;C:\Users\Dell\.m2\repository\org\objenesis\objenesis\2.6\objenesis-2.6.jar;C:\Users\Dell\.m2\repository\org\springframework\spring-test\5.1.4.RELEASE\spring-test-5.1.4.RELEASE.jar;C:\Users\Dell\.m2\repository\org\glassfish\jersey\test-framework\jersey-test-framework-core\2.27\jersey-test-framework-core-2.27.jar;C:\Users\Dell\.m2\repository\org\apache\commons\commons-text\1.6\commons-text-1.6.jar;C:\Users\Dell\.m2\repository\ru\hh\nab\nab-logging\4.14.2-SNAPSHOT\nab-logging-4.14.2-SNAPSHOT.jar;C:\Users\Dell\.m2\repository\ch\qos\logback\logback-classic\1.2.3\logback-classic-1.2.3.jar;C:\Users\Dell\.m2\repository\org\apache\commons\commons-lang3\3.8.1\commons-lang3-3.8.1.jar;C:\Users\Dell\.m2\repository\org\slf4j\slf4j-api\1.7.25\slf4j-api-1.7.25.jar;C:\Users\Dell\.m2\repository\org\slf4j\jcl-over-slf4j\1.7.25\jcl-over-slf4j-1.7.25.jar;C:\Users\Dell\.m2\repository\org\slf4j\jul-to-slf4j\1.7.25\jul-to-slf4j-1.7.25.jar;C:\Users\Dell\.m2\repository\org\slf4j\log4j-over-slf4j\1.7.25\log4j-over-slf4j-1.7.25.jar;C:\Users\Dell\.m2\repository\com\papertrailapp\logback-syslog4j\1.0.0\logback-syslog4j-1.0.0.jar;C:\Users\Dell\.m2\repository\org\syslog4j\syslog4j\0.9.30\syslog4j-0.9.30.jar;"/>
    <property name="sun.cpu.endian" value="little"/>
    <property name="user.home" value="C:\Users\Dell"/>
    <property name="user.language" value="ru"/>
    <property name="java.specification.vendor" value="Oracle Corporation"/>
    <property name="java.version.date" value="2019-01-15"/>
    <property name="java.home" value="C:\Program Files\Java\jdk-11.0.2"/>
    <property name="settingsDir" value="C:\TimVolgin\hh_course\homework\hw_lect26-29_Backend\try4\BackendTodoMVC/src/etc/nab-properties"/>
    <property name="file.separator" value="\"/>
    <property name="basedir" value="C:\TimVolgin\hh_course\homework\hw_lect26-29_Backend\try4\BackendTodoMVC"/>
    <property name="java.vm.compressedOopsMode" value="Zero based"/>
    <property name="line.separator" value="&#10;"/>
    <property name="java.specification.name" value="Java Platform API Specification"/>
    <property name="java.vm.specification.vendor" value="Oracle Corporation"/>
    <property name="java.awt.graphicsenv" value="sun.awt.Win32GraphicsEnvironment"/>
    <property name="surefire.real.class.path" value="C:\Users\Dell\AppData\Local\Temp\surefire9877306361964147981\surefirebooter6219501765739225595.jar"/>
    <property name="user.script" value=""/>
    <property name="sun.management.compiler" value="HotSpot 64-Bit Tiered Compilers"/>
    <property name="java.runtime.version" value="11.0.2+9-LTS"/>
    <property name="user.name" value="Dell"/>
    <property name="path.separator" value=";"/>
    <property name="os.version" value="10.0"/>
    <property name="java.runtime.name" value="Java(TM) SE Runtime Environment"/>
    <property name="file.encoding" value="Cp1251"/>
    <property name="java.vm.name" value="Java HotSpot(TM) 64-Bit Server VM"/>
    <property name="java.vendor.version" value="18.9"/>
    <property name="localRepository" value="C:\Users\Dell\.m2\repository"/>
    <property name="java.vendor.url.bug" value="http://bugreport.java.com/bugreport/"/>
    <property name="java.io.tmpdir" value="C:\Users\Dell\AppData\Local\Temp\"/>
    <property name="java.version" value="11.0.2"/>
    <property name="user.dir" value="C:\TimVolgin\hh_course\homework\hw_lect26-29_Backend\try4\BackendTodoMVC"/>
    <property name="os.arch" value="amd64"/>
    <property name="java.vm.specification.name" value="Java Virtual Machine Specification"/>
    <property name="java.awt.printerjob" value="sun.awt.windows.WPrinterJob"/>
    <property name="sun.os.patch.level" value=""/>
    <property name="java.library.path" value="C:\Program Files\Java\jdk-11.0.2\bin;C:\WINDOWS\Sun\Java\bin;C:\WINDOWS\system32;C:\WINDOWS;C:\ProgramData\DockerDesktop\version-bin;C:\Program Files\Docker\Docker\Resources\bin;&quot;C:\Program Files (x86)\Common Files\Oracle\Java\javapath;C:\Program Files\Java\jdk-10.0.2\bin&quot;;C:\Program Files (x86)\Intel\Intel(R) Management Engine Components\iCLS\;C:\Program Files\Intel\Intel(R) Management Engine Components\iCLS\;C:\Windows\system32;C:\Windows;C:\Windows\System32\Wbem;C:\Windows\System32\WindowsPowerShell\v1.0\;C:\Program Files (x86)\Intel\Intel(R) Management Engine Components\DAL;C:\Program Files\Intel\Intel(R) Management Engine Components\DAL;C:\Program Files (x86)\Intel\Intel(R) Management Engine Components\IPT;C:\Program Files\Intel\Intel(R) Management Engine Components\IPT;C:\Program Files\Intel\WiFi\bin\;C:\Program Files\Common Files\Intel\WirelessCommon\;C:\Program Files (x86)\NVIDIA Corporation\PhysX\Common;C:\Program Files\Git\cmd;C:\WINDOWS\system32;C:\WINDOWS;C:\WINDOWS\System32\Wbem;C:\WINDOWS\System32\WindowsPowerShell\v1.0\;C:\WINDOWS\System32\OpenSSH\;C:\Program Files (x86)\Windows Live\Shared;C:\Program Files\PostgreSQL\10\bin;C:\Program Files\PostgreSQL\10\lib;C:\Program Files (x86)\GitExtensions\;C:\Python372\Scripts\;C:\Python372\;C:\Users\Dell\AppData\Local\Microsoft\WindowsApps;C:\Users\Dell\AppData\Local\GitHubDesktop\bin;C:\Program Files\maven\\bin;C:\Program Files\maven\bin;C:\Users\Dell\AppData\Local\Programs\Python\Python37-32\;C:\Users\Dell\AppData\Local\Programs\Python\Python37-32\Scripts;C:\Users\Dell\AppData\Local\Programs\Microsoft VS Code\bin;C:\Program Files\Java\jdk-11.0.2\bin;;."/>
    <property name="java.vendor" value="Oracle Corporation"/>
    <property name="java.vm.info" value="mixed mode"/>
    <property name="java.vm.version" value="11.0.2+9-LTS"/>
    <property name="sun.io.unicode.encoding" value="UnicodeLittle"/>
    <property name="java.class.version" value="55.0"/>
  </properties>
  <testcase name="testBeanWithNabTestContext" classname="ru.hh.school.ApplicationServerAwareBeanTest" time="0.003"/>
</testsuite>